<?xml version="1.0" encoding="UTF-8"?>
<testng-results ignored="0" total="1" passed="1" failed="0" skipped="0">
  <reporter-output>
  </reporter-output>
  <suite started-at="2023-05-29T13:20:45 IST" name="Default suite" finished-at="2023-05-29T13:20:48 IST" duration-ms="3483">
    <groups>
    </groups>
    <test started-at="2023-05-29T13:20:45 IST" name="Default test" finished-at="2023-05-29T13:20:48 IST" duration-ms="3483">
      <class name="tests.TestLoginWithPageFactory">
        <test-method is-config="true" signature="setup()[pri:0, instance:tests.TestLoginWithPageFactory@49139829]" started-at="2023-05-29T13:20:45 IST" name="setup" finished-at="2023-05-29T13:20:47 IST" duration-ms="2539" status="PASS">
          <reporter-output>
          </reporter-output>
        </test-method> <!-- setup -->
        <test-method signature="test_HomePage_Appear_Correct()[pri:0, instance:tests.TestLoginWithPageFactory@49139829]" started-at="2023-05-29T13:20:48 IST" name="test_HomePage_Appear_Correct" finished-at="2023-05-29T13:20:48 IST" duration-ms="916" status="PASS">
          <reporter-output>
          </reporter-output>
        </test-method> <!-- test_HomePage_Appear_Correct -->
      </class> <!-- tests.TestLoginWithPageFactory -->
    </test> <!-- Default test -->
  </suite> <!-- Default suite -->
</testng-results>
